09/23/2022 09:06:03 AM :INFO : WDM :====== WebDriver manager ======
09/23/2022 09:06:03 AM :INFO : WDM :Get LATEST chromedriver version for google-chrome 105.0.5195
09/23/2022 09:06:05 AM :INFO : WDM :Driver [C:\Users\HP\.wdm\drivers\chromedriver\win32\105.0.5195\chromedriver.exe] found in cache
09/23/2022 09:06:16 AM :INFO : root :***************** Login successful *****************
09/23/2022 09:06:21 AM :INFO : root :***************** Add New Customer *****************
09/23/2022 09:06:27 AM :INFO : root :***************** Adding personal details *****************
09/23/2022 09:06:32 AM :INFO : root :***************** Adding contect details *****************
09/23/2022 09:06:35 AM :INFO : root :***************** Adding emergency contect details *****************
09/23/2022 09:06:37 AM :INFO : root :***************** Adding dependent details *****************
09/23/2022 09:06:39 AM :INFO : root :***************** Adding immigration details *****************
09/23/2022 09:06:46 AM :INFO : root :***************** Adding job details *****************
09/23/2022 09:06:53 AM :INFO : root :***************** Adding salary details *****************
09/23/2022 09:06:55 AM :INFO : root :***************** Adding tax details *****************
09/23/2022 09:07:04 AM :INFO : root :***************** Adding report details *****************
09/23/2022 09:07:06 AM :INFO : root :***************** Adding qualification work experience details *****************
09/23/2022 09:07:18 AM :INFO : root :***************** Adding education details *****************
09/23/2022 09:07:24 AM :INFO : root :***************** Adding skills details *****************
09/23/2022 09:07:28 AM :INFO : root :***************** Adding language details *****************
09/23/2022 09:07:33 AM :INFO : root :***************** Adding license details *****************
09/23/2022 09:07:38 AM :INFO : root :***************** Adding Memberships details *****************
09/23/2022 09:07:54 AM :INFO : root :***************** Adding  new user details *****************
09/23/2022 09:07:57 AM :INFO : root :***************** User successfully added *****************
09/23/2022 09:07:57 AM :INFO : root :***************** logout from old user *****************
09/23/2022 09:07:58 AM :INFO : root :***************** Login new User *****************
09/23/2022 09:07:58 AM :INFO : root :***************** new user is successfully login *****************
09/23/2022 12:48:44 PM :INFO : WDM :====== WebDriver manager ======
09/23/2022 12:48:44 PM :INFO : WDM :Get LATEST chromedriver version for google-chrome 105.0.5195
09/23/2022 12:48:45 PM :INFO : WDM :Driver [C:\Users\HP\.wdm\drivers\chromedriver\win32\105.0.5195\chromedriver.exe] found in cache
09/23/2022 12:49:25 PM :INFO : root :***************** Login successful *****************
09/23/2022 12:50:29 PM :INFO : WDM :====== WebDriver manager ======
09/23/2022 12:50:30 PM :INFO : WDM :Get LATEST chromedriver version for google-chrome 105.0.5195
09/23/2022 12:50:31 PM :INFO : WDM :Driver [C:\Users\HP\.wdm\drivers\chromedriver\win32\105.0.5195\chromedriver.exe] found in cache
09/23/2022 12:50:44 PM :INFO : root :***************** Login successful *****************
09/23/2022 12:50:49 PM :INFO : root :***************** Add New Customer *****************
09/23/2022 01:08:55 PM :INFO : WDM :====== WebDriver manager ======
09/23/2022 01:08:56 PM :INFO : WDM :Get LATEST chromedriver version for google-chrome 105.0.5195
09/23/2022 01:08:57 PM :INFO : WDM :Driver [C:\Users\HP\.wdm\drivers\chromedriver\win32\105.0.5195\chromedriver.exe] found in cache
09/23/2022 01:09:05 PM :INFO : root :***************** Login successful *****************
09/23/2022 01:09:13 PM :INFO : root :***************** Add New Customer *****************
09/23/2022 04:58:56 PM :INFO : WDM :====== WebDriver manager ======
09/23/2022 04:58:56 PM :INFO : WDM :Get LATEST chromedriver version for google-chrome 105.0.5195
09/23/2022 04:58:57 PM :INFO : WDM :Driver [C:\Users\HP\.wdm\drivers\chromedriver\win32\105.0.5195\chromedriver.exe] found in cache
09/23/2022 04:59:06 PM :INFO : root :***************** Login successful *****************
09/23/2022 04:59:12 PM :INFO : root :***************** Add New Customer *****************
09/23/2022 04:59:18 PM :INFO : root :***************** Adding personal details *****************
09/23/2022 04:59:23 PM :INFO : root :***************** Adding contect details *****************
09/23/2022 04:59:26 PM :INFO : root :***************** Adding emergency contect details *****************
09/23/2022 04:59:27 PM :INFO : root :***************** Adding dependent details *****************
09/23/2022 04:59:29 PM :INFO : root :***************** Adding immigration details *****************
09/23/2022 04:59:34 PM :INFO : root :***************** Adding job details *****************
09/23/2022 04:59:41 PM :INFO : root :***************** Adding salary details *****************
09/23/2022 04:59:43 PM :INFO : root :***************** Adding tax details *****************
09/23/2022 04:59:51 PM :INFO : root :***************** Adding report details *****************
09/23/2022 04:59:52 PM :INFO : root :***************** Adding qualification work experience details *****************
09/23/2022 05:00:04 PM :INFO : root :***************** Adding education details *****************
09/23/2022 05:00:11 PM :INFO : root :***************** Adding skills details *****************
09/23/2022 05:03:02 PM :INFO : WDM :====== WebDriver manager ======
09/23/2022 05:03:03 PM :INFO : WDM :Get LATEST chromedriver version for google-chrome 105.0.5195
09/23/2022 05:03:03 PM :INFO : WDM :Driver [C:\Users\HP\.wdm\drivers\chromedriver\win32\105.0.5195\chromedriver.exe] found in cache
09/23/2022 05:03:12 PM :INFO : root :***************** Login successful *****************
09/23/2022 05:03:17 PM :INFO : root :***************** Add New Customer *****************
09/23/2022 05:03:23 PM :INFO : root :***************** Adding personal details *****************
09/23/2022 05:03:28 PM :INFO : root :***************** Adding contect details *****************
09/23/2022 05:03:31 PM :INFO : root :***************** Adding emergency contect details *****************
09/23/2022 05:03:32 PM :INFO : root :***************** Adding dependent details *****************
09/23/2022 05:03:34 PM :INFO : root :***************** Adding immigration details *****************
09/23/2022 05:03:39 PM :INFO : root :***************** Adding job details *****************
09/23/2022 05:03:46 PM :INFO : root :***************** Adding salary details *****************
09/23/2022 05:03:48 PM :INFO : root :***************** Adding tax details *****************
09/23/2022 05:03:56 PM :INFO : root :***************** Adding report details *****************
09/23/2022 05:03:57 PM :INFO : root :***************** Adding qualification work experience details *****************
09/23/2022 05:04:09 PM :INFO : root :***************** Adding education details *****************
09/23/2022 05:04:16 PM :INFO : root :***************** Adding skills details *****************
09/23/2022 05:04:23 PM :INFO : root :***************** Adding language details *****************
09/23/2022 05:04:30 PM :INFO : root :***************** Adding license details *****************
09/23/2022 05:04:38 PM :INFO : root :***************** Adding Memberships details *****************
09/23/2022 05:04:57 PM :INFO : root :***************** Adding  new user details *****************
09/23/2022 05:05:00 PM :INFO : root :***************** User successfully added *****************
09/23/2022 05:05:00 PM :INFO : root :***************** logout from old user *****************
09/23/2022 05:05:01 PM :INFO : root :***************** Login new User *****************
09/23/2022 05:05:01 PM :INFO : root :***************** new user is successfully login *****************
